\BOOKMARK [0][-]{chapter*.1}{\376\377\000S\000t\000r\000e\000s\000z\000c\000z\000e\000n\000i\000e\000\040}{}% 1
\BOOKMARK [0][-]{chapter*.2}{\376\377\000A\000b\000s\000t\000r\000a\000c\000t\000\040}{}% 2
\BOOKMARK [0][-]{chapter*.4}{\376\377\000W\000p\000r\000o\000w\000a\000d\000z\000n\000i\000e}{}% 3
\BOOKMARK [1][-]{section*.5}{\376\377\000W\000p\000r\000o\000w\000a\000d\000z\000e\000n\000i\000e\000\040\000d\000o\000\040\000p\000r\000o\000b\000l\000e\000m\000u}{chapter*.4}% 4
\BOOKMARK [1][-]{section*.6}{\376\377\000C\000e\000l\000\040\000p\000r\000a\000c\000y}{chapter*.4}% 5
\BOOKMARK [1][-]{section*.7}{\376\377\000Z\000a\000k\000r\000e\000s\000\040\000p\000r\000a\000c\000y}{chapter*.4}% 6
\BOOKMARK [1][-]{section*.8}{\376\377\000W\000y\000b\000r\000a\000n\000e\000\040\000M\000e\000t\000o\000d\000y\000\040\000X\000A\000I}{chapter*.4}% 7
\BOOKMARK [0][-]{chapter*.9}{\376\377\000P\000r\000z\000e\000g\000l\001\005\000d\000\040\000l\000i\000t\000e\000r\000a\000t\000u\000r\000y}{}% 8
\BOOKMARK [1][-]{section*.10}{\376\377\000L\000i\000t\000e\000r\000a\000t\000u\000r\000a\000\040\000d\000o\000t\000y\000c\000z\001\005\000c\000a\000\040\000m\000e\000t\000o\000d\000\040\000X\000A\000I}{chapter*.9}% 9
\BOOKMARK [1][-]{section*.11}{\376\377\000L\000i\000t\000e\000r\000a\000t\000u\000r\000a\000\040\000d\000o\000t\000y\000c\000z\001\005\000c\000a\000\040\000m\000e\000t\000o\000d\000\040\000k\000l\000a\000s\000y\000f\000i\000k\000a\000c\000j\000i\000\040\000o\000b\000r\000a\000z\000\363\000w}{chapter*.9}% 10
\BOOKMARK [0][-]{chapter*.12}{\376\377\000M\000e\000t\000o\000d\000o\000l\000o\000g\000i\000a}{}% 11
\BOOKMARK [1][-]{section*.13}{\376\377\000P\000r\000z\000y\000g\000o\000t\000o\000w\000a\000n\000i\000e\000\040\001\133\000r\000o\000d\000o\000w\000i\000s\000k\000a}{chapter*.12}% 12
\BOOKMARK [1][-]{section*.14}{\376\377\000C\000h\000a\000r\000a\000k\000t\000e\000r\000y\000s\000t\000y\000k\000a\000\040\000w\000y\000b\000r\000a\000n\000y\000c\000h\000\040\000m\000e\000t\000o\000d\000\040\000X\000A\000I}{chapter*.12}% 13
\BOOKMARK [2][-]{subsection*.15}{\376\377\000L\000I\000M\000E}{section*.14}% 14
\BOOKMARK [2][-]{subsection*.16}{\376\377\000S\000H\000A\000P}{section*.14}% 15
\BOOKMARK [2][-]{subsection*.17}{\376\377\000G\000r\000a\000d\000-\000C\000A\000M}{section*.14}% 16
\BOOKMARK [1][-]{section*.18}{\376\377\000W\000y\000b\000\363\000r\000\040\000h\000i\000p\000e\000r\000p\000a\000r\000a\000m\000e\000t\000r\000\363\000w}{chapter*.12}% 17
\BOOKMARK [1][-]{section*.19}{\376\377\000A\000l\000g\000o\000r\000y\000t\000m\000y\000\040\000i\000\040\000m\000i\000a\000r\000y\000\040\000j\000a\000k\000o\001\133\000c\000i}{chapter*.12}% 18
\BOOKMARK [0][-]{chapter*.20}{\376\377\000E\000k\000s\000p\000e\000r\000y\000m\000e\000n\000t\000y\000\040\000i\000\040\000w\000y\000n\000i\000k\000i}{}% 19
\BOOKMARK [1][-]{section*.21}{\376\377\000A\000n\000a\000l\000i\000z\000a\000\040\000p\000o\000r\000\363\000w\000n\000a\000w\000c\000z\000a\000\040\000s\000p\000\363\000j\000n\000o\001\133\000c\000i\000\040\000w\000y\000j\000a\001\133\000n\000i\000e\001\104}{chapter*.20}% 20
\BOOKMARK [1][-]{section*.22}{\376\377\000A\000n\000a\000l\000i\000z\000a\000\040\000p\000o\000r\000\363\000w\000n\000a\000c\000z\000a\000\040\000w\000y\000j\000a\001\133\000n\000i\000e\001\104}{chapter*.20}% 21
\BOOKMARK [1][-]{section*.23}{\376\377\001\101\001\005\000c\000z\000e\000n\000i\000e\000\040\000w\000y\000j\000a\001\133\000n\000i\000e\001\104\000\040\000r\000\363\001\174\000n\000y\000c\000h\000\040\000m\000e\000t\000o\000d}{chapter*.20}% 22
\BOOKMARK [1][-]{section*.24}{\376\377\000P\000o\000r\000\363\000w\000n\000a\000n\000i\000e\000\040\000z\000\040\000i\000n\000n\000y\000m\000\040\000z\000b\000i\000o\000r\000e\000m\000\040\000d\000a\000n\000y\000c\000h}{chapter*.20}% 23
\BOOKMARK [1][-]{section*.25}{\376\377\000P\000o\000r\000\363\000w\000n\000a\000n\000i\000e\000\040\000z\000\040\000i\000n\000n\000y\000m\000i\000\040\000m\000o\000d\000e\000l\000a\000m\000i\000\040\000k\000l\000a\000s\000y\000f\000i\000k\000a\000c\000j\000i\000\040\000o\000b\000r\000a\000z\000\363\000w}{chapter*.20}% 24
\BOOKMARK [1][-]{section*.26}{\376\377\000O\000c\000e\000n\000a\000\040\000p\000o\000s\000z\000c\000z\000e\000g\000\363\001\072\000n\000y\000c\000h\000\040\000a\000l\000g\000o\000r\000y\000t\000m\000\363\000w}{chapter*.20}% 25
\BOOKMARK [0][-]{chapter*.27}{\376\377\000D\000y\000s\000k\000u\000s\000j\000a}{}% 26
\BOOKMARK [1][-]{section*.28}{\376\377\000O\000m\000\363\000w\000i\000e\000n\000i\000e\000\040\000w\000y\000n\000i\000k\000\363\000w}{chapter*.27}% 27
\BOOKMARK [1][-]{section*.29}{\376\377\000W\000n\000i\000o\000s\000k\000i}{chapter*.27}% 28
\BOOKMARK [0][-]{chapter*.30}{\376\377\000W\000n\000i\000o\000s\000k\000i}{}% 29
\BOOKMARK [0][-]{chapter*.31}{\376\377\000P\000o\000d\000s\000u\000m\000o\000w\000a\000n\000i\000e}{}% 30
\BOOKMARK [0][-]{chapter*.32}{\376\377\000S\000p\000i\000s\000\040\000r\000y\000s\000u\000n\000k\000\363\000w}{}% 31
\BOOKMARK [0][-]{chapter*.33}{\376\377\000S\000p\000i\000s\000\040\000l\000i\000s\000t\000i\000n\000g\000\363\000w}{}% 32
\BOOKMARK [0][-]{chapter*.34}{\376\377\000S\000p\000i\000s\000\040\000t\000a\000b\000e\000l}{}% 33
\BOOKMARK [0][-]{section*.35}{\376\377\000D\000o\000d\000a\000t\000k\000i}{}% 34
\BOOKMARK [0][-]{appendix.A}{\376\377\000D\000o\000d\000a\000t\000e\000k\000\040\0001}{}% 35
